<?xml version="1.0" encoding="UTF-8"?>
<!-- Generated by org.testng.reporters.JUnitReportReporter -->
<testsuite skipped="1" hostname="DESKTOP-27L8JE7" name="com.project.Salesforce.suitea.LoginTest" tests="2" failures="0" timestamp="05 Aug 2020 13:51:31 GMT" time="0.044" errors="0">
  <testcase name="f" time="0.004" classname="com.project.Salesforce.suitea.LoginTest">
    <skipped/>
  </testcase> <!-- f -->
  <testcase name="f" time="0.040" classname="com.project.Salesforce.suitea.LoginTest"/>
</testsuite> <!-- com.project.Salesforce.suitea.LoginTest -->
