<?xml version="1.0" encoding="UTF-8"?>
<!-- Generated by org.testng.reporters.JUnitReportReporter -->
<testsuite skipped="1" hostname="DESKTOP-27L8JE7" name="com.project.Salesforce.suitea.LoginTest" tests="2" failures="0" timestamp="13 Aug 2020 13:48:23 GMT" time="19.733" errors="0">
  <testcase name="f" time="17.766" classname="com.project.Salesforce.suitea.LoginTest"/>
  <testcase name="f" time="1.967" classname="com.project.Salesforce.suitea.LoginTest">
    <skipped/>
  </testcase> <!-- f -->
</testsuite> <!-- com.project.Salesforce.suitea.LoginTest -->
