<?xml version="1.0" encoding="UTF-8"?>
<!-- Generated by org.testng.reporters.JUnitReportReporter -->
<testsuite skipped="1" hostname="DESKTOP-27L8JE7" name="com.project.Salesforce.suitea.LoginTest" tests="2" failures="0" timestamp="24 Aug 2020 13:53:17 GMT" time="20.456" errors="0">
  <testcase name="f" time="1.382" classname="com.project.Salesforce.suitea.LoginTest">
    <skipped/>
  </testcase> <!-- f -->
  <testcase name="f" time="19.074" classname="com.project.Salesforce.suitea.LoginTest"/>
</testsuite> <!-- com.project.Salesforce.suitea.LoginTest -->
