<?xml version="1.0" encoding="UTF-8"?>
<!-- Generated by org.testng.reporters.JUnitReportReporter -->
<testsuite skipped="1" hostname="DESKTOP-27L8JE7" name="com.project.Salesforce.suitea.LoginTest" tests="2" failures="0" timestamp="12 Aug 2020 13:34:03 GMT" time="33.894" errors="0">
  <testcase name="f" time="33.890" classname="com.project.Salesforce.suitea.LoginTest"/>
  <testcase name="f" time="0.004" classname="com.project.Salesforce.suitea.LoginTest">
    <skipped/>
  </testcase> <!-- f -->
</testsuite> <!-- com.project.Salesforce.suitea.LoginTest -->
