<?xml version="1.0" encoding="UTF-8"?>
<!-- Generated by org.testng.reporters.JUnitReportReporter -->
<testsuite skipped="1" hostname="DESKTOP-27L8JE7" name="com.project.Salesforce.suitea.LoginTest" tests="2" failures="0" timestamp="25 Aug 2020 14:06:11 GMT" time="18.343" errors="0">
  <testcase name="f" time="0.005" classname="com.project.Salesforce.suitea.LoginTest">
    <skipped/>
  </testcase> <!-- f -->
  <testcase name="f" time="18.338" classname="com.project.Salesforce.suitea.LoginTest"/>
</testsuite> <!-- com.project.Salesforce.suitea.LoginTest -->
