<?xml version="1.0" encoding="UTF-8"?>
<!-- Generated by org.testng.reporters.JUnitReportReporter -->
<testsuite skipped="0" hostname="DESKTOP-27L8JE7" name="com.project.Salesforce.suitea.LoginTest" tests="2" failures="0" timestamp="03 Aug 2020 13:59:57 GMT" time="0.015" errors="0">
  <testcase name="f" time="0.002" classname="com.project.Salesforce.suitea.LoginTest"/>
  <testcase name="f" time="0.013" classname="com.project.Salesforce.suitea.LoginTest"/>
</testsuite> <!-- com.project.Salesforce.suitea.LoginTest -->
