<?xml version="1.0" encoding="UTF-8"?>
<!-- Generated by org.testng.reporters.JUnitReportReporter -->
<testsuite skipped="0" hostname="DESKTOP-27L8JE7" name="com.project.Salesforce.suiteb.TestA" tests="1" failures="0" timestamp="04 Aug 2020 13:35:46 GMT" time="0.012" errors="0">
  <testcase name="f" time="0.012" classname="com.project.Salesforce.suiteb.TestA"/>
</testsuite> <!-- com.project.Salesforce.suiteb.TestA -->
