<?xml version="1.0" encoding="UTF-8"?>
<!-- Generated by org.testng.reporters.JUnitReportReporter -->
<testsuite skipped="1" hostname="DESKTOP-27L8JE7" name="com.project.Salesforce.suitea.LoginTest" tests="2" failures="0" timestamp="04 Aug 2020 14:04:20 GMT" time="0.062" errors="0">
  <testcase name="f" time="0.056" classname="com.project.Salesforce.suitea.LoginTest"/>
  <testcase name="f" time="0.006" classname="com.project.Salesforce.suitea.LoginTest">
    <skipped/>
  </testcase> <!-- f -->
</testsuite> <!-- com.project.Salesforce.suitea.LoginTest -->
