<?xml version="1.0" encoding="UTF-8"?>
<!-- Generated by org.testng.reporters.JUnitReportReporter -->
<testsuite skipped="0" hostname="DESKTOP-27L8JE7" name="com.project.Salesforce.suitea.TC_002" tests="1" failures="0" timestamp="29 Jul 2020 13:38:23 GMT" time="0.013" errors="0">
  <testcase name="f" time="0.013" classname="com.project.Salesforce.suitea.TC_002"/>
</testsuite> <!-- com.project.Salesforce.suitea.TC_002 -->
