<?xml version="1.0" encoding="UTF-8"?>
<!-- Generated by org.testng.reporters.JUnitReportReporter -->
<testsuite skipped="1" hostname="DESKTOP-27L8JE7" name="com.project.Salesforce.suitea.LoginTest" tests="2" failures="0" timestamp="11 Aug 2020 13:47:59 GMT" time="21.999" errors="0">
  <testcase name="f" time="21.992" classname="com.project.Salesforce.suitea.LoginTest"/>
  <testcase name="f" time="0.007" classname="com.project.Salesforce.suitea.LoginTest">
    <skipped/>
  </testcase> <!-- f -->
</testsuite> <!-- com.project.Salesforce.suitea.LoginTest -->
