<?xml version="1.0" encoding="UTF-8"?>
<!-- Generated by org.testng.reporters.JUnitReportReporter -->
<testsuite skipped="0" hostname="DESKTOP-27L8JE7" name="com.project.Salesforce.suitea.TC_001" tests="1" failures="0" timestamp="30 Jul 2020 13:09:21 GMT" time="0.009" errors="0">
  <testcase name="test" time="0.009" classname="com.project.Salesforce.suitea.TC_001"/>
</testsuite> <!-- com.project.Salesforce.suitea.TC_001 -->
