<?xml version="1.0" encoding="UTF-8"?>
<!-- Generated by org.testng.reporters.JUnitReportReporter -->
<testsuite skipped="0" hostname="DESKTOP-27L8JE7" name="com.project.JuneMavenSelenium6_30PMBatch.TC_002" tests="1" failures="0" timestamp="22 Jun 2020 13:49:59 GMT" time="16.265" errors="0">
  <testcase name="amazon" time="16.265" classname="com.project.JuneMavenSelenium6_30PMBatch.TC_002"/>
</testsuite> <!-- com.project.JuneMavenSelenium6_30PMBatch.TC_002 -->
