<?xml version="1.0" encoding="UTF-8"?>
<!-- Generated by org.testng.reporters.JUnitReportReporter -->
<testsuite skipped="0" hostname="DESKTOP-27L8JE7" name="pageObjectFactory.Login" tests="1" failures="0" timestamp="02 Jul 2020 13:47:28 GMT" time="21.492" errors="0">
  <testcase name="login" time="21.492" classname="pageObjectFactory.Login"/>
</testsuite> <!-- pageObjectFactory.Login -->
