<?xml version="1.0" encoding="UTF-8"?>
<!-- Generated by org.testng.reporters.JUnitReportReporter -->
<testsuite skipped="0" hostname="DESKTOP-27L8JE7" name="com.project.JuneMavenSelenium6_30PMBatch.CheckBox1" tests="1" failures="0" timestamp="18 Jun 2020 14:01:58 GMT" time="13.046" errors="0">
  <testcase name="checkboxTest" time="13.046" classname="com.project.JuneMavenSelenium6_30PMBatch.CheckBox1"/>
</testsuite> <!-- com.project.JuneMavenSelenium6_30PMBatch.CheckBox1 -->
